[[32m  OK  [0m] Started Show Plymouth Boot Screen.
[[32m  OK  [0m] Started Forward Password Requests to Plymouth Directory Watch.
[[32m  OK  [0m] Reached target Paths.
[[32m  OK  [0m] Reached target Basic System.
%G[[32m  OK  [0m] Found device /dev/mapper/centos-root.
         Starting File System Check on /dev/mapper/centos-root...
[[32m  OK  [0m] Started File System Check on /dev/mapper/centos-root.
[[32m  OK  [0m] Started dracut initqueue hook.
         Mounting /sysroot...
[[32m  OK  [0m] Reached target Remote File Systems (Pre).
[[32m  OK  [0m] Reached target Remote File Systems.
[[32m  OK  [0m] Mounted /sysroot.
[[32m  OK  [0m] Reached target Initrd Root File System.
         Starting Reload Configuration from the Real Root...
[[32m  OK  [0m] Started Reload Configuration from the Real Root.
[[32m  OK  [0m] Reached target Initrd File Systems.
[[32m  OK  [0m] Reached target Initrd Default Target.
         Starting dracut pre-pivot and cleanup hook...
[[32m  OK  [0m] Started dracut pre-pivot and cleanup hook.
         Starting Cleaning Up and Shutting Down Daemons...
[[32m  OK  [0m] Stopped dracut pre-pivot and cleanup hook.
         Starting Plymouth switch root service...
[[32m  OK  [0m] Stopped target Timers.
[[32m  OK  [0m] Stopped target Initrd Default Target.
[[32m  OK  [0m] Stopped target Basic System.
[[32m  OK  [0m] Stopped target Sockets.
[[32m  OK  [0m] Stopped target Slices.
[[32m  OK  [0m] Stopped target Remote File Systems.
[[32m  OK  [0m] Stopped target Remote File Systems (Pre).
[[32m  OK  [0m] Stopped dracut initqueue hook.
[[32m  OK  [0m] Stopped target Paths.
[[32m  OK  [0m] Stopped target System Initialization.
         Stopping udev Kernel Device Manager...
[[32m  OK  [0m] Stopped target Swap.
[[32m  OK  [0m] Stopped Apply Kernel Variables.
[[32m  OK  [0m] Stopped udev Coldplug all Devices.
[[32m  OK  [0m] Stopped target Local File Systems.
[[32m  OK  [0m] Stopped udev Kernel Device Manager.
[[32m  OK  [0m] Stopped dracut pre-udev hook.
[[32m  OK  [0m] Stopped dracut cmdline hook.
[[32m  OK  [0m] Stopped Create Static Device Nodes in /dev.
[[32m  OK  [0m] Stopped Create list of required sta...ce nodes for the current kernel.
[[32m  OK  [0m] Closed udev Control Socket.
[[32m  OK  [0m] Closed udev Kernel Socket.
         Starting Cleanup udevd DB...
[[32m  OK  [0m] Started Cleaning Up and Shutting Down Daemons.
[[32m  OK  [0m] Started Cleanup udevd DB.
[[32m  OK  [0m] Reached target Switch Root.
[[32m  OK  [0m] Started Plymouth switch root service.
         Starting Switch Root...

Welcome to [0;31mCentOS Linux 7 (Core)[0m!

[[32m  OK  [0m] Stopped Switch Root.
[[32m  OK  [0m] Stopped Journal Service.
         Starting Journal Service...
         Starting Create list of required st... nodes for the current kernel...
[[32m  OK  [0m] Created slice system-getty.slice.
[[32m  OK  [0m] Listening on udev Control Socket.
[[32m  OK  [0m] Listening on udev Kernel Socket.
[[32m  OK  [0m] Listening on Device-mapper event daemon FIFOs.
[[32m  OK  [0m] Stopped target Switch Root.
[[32m  OK  [0m] Stopped target Initrd Root File System.
[[32m  OK  [0m] Stopped target Initrd File Systems.
[[32m  OK  [0m] Listening on Delayed Shutdown Socket.
         Mounting POSIX Message Queue File System...
         Starting Read and set NIS domainname from /etc/sysconfig/network...
[[32m  OK  [0m] Reached target Swap.
[[32m  OK  [0m] Created slice Virtual Machine and Container Slice.
[[32m  OK  [0m] Stopped File System Check on Root Device.
[[32m  OK  [0m] Created slice User and Session Slice.
[[32m  OK  [0m] Reached target Login Prompts.
[[32m  OK  [0m] Created slice system-selinux\x2dpol...grate\x2dlocal\x2dchanges.slice.
[[32m  OK  [0m] Listening on /dev/initctl Compatibility Named Pipe.
[[32m  OK  [0m] Started Forward Password Requests to Wall Directory Watch.
[[32m  OK  [0m] Listening on LVM2 poll daemon socket.
[[32m  OK  [0m] Reached target User and Group Name Lookups.
[[32m  OK  [0m] Reached target RPC Port Mapper.
[[32m  OK  [0m] Reached target Slices.
[[32m  OK  [0m] Set up automount Arbitrary Executab...ats File System Automount Point.
         Starting Remount Root and Kernel File Systems...
         Starting Apply Kernel Variables...
         Mounting Huge Pages File System...
[[32m  OK  [0m] Reached target Paths.
         Mounting Debug File System...
[[32m  OK  [0m] Listening on LVM2 metadata daemon socket.
         Starting Monitoring of LVM2 mirrors... dmeventd or progress polling...
[[32m  OK  [0m] Mounted POSIX Message Queue File System.
[[32m  OK  [0m] Started Journal Service.
[[32m  OK  [0m] Started Create list of required sta...ce nodes for the current kernel.
         Starting Create Static Device Nodes in /dev...
[[32m  OK  [0m] Mounted Huge Pages File System.
[[32m  OK  [0m] Mounted Debug File System.
[[32m  OK  [0m] Started Read and set NIS domainname from /etc/sysconfig/network.
[[32m  OK  [0m] Started Apply Kernel Variables.
[[32m  OK  [0m] Started Remount Root and Kernel File Systems.
         Starting Configure read-only root support...
         Starting udev Coldplug all Devices...
         Starting Flush Journal to Persistent Storage...
[[32m  OK  [0m] Started LVM2 metadata daemon.
[[32m  OK  [0m] Started Create Static Device Nodes in /dev.
         Starting udev Kernel Device Manager...
[[32m  OK  [0m] Started Flush Journal to Persistent Storage.
[[32m  OK  [0m] Started udev Coldplug all Devices.
         Starting udev Wait for Complete Device Initialization...
[[32m  OK  [0m] Started Configure read-only root support.
         Starting Load/Save Random Seed...
[[32m  OK  [0m] Started Load/Save Random Seed.
[[32m  OK  [0m] Started udev Kernel Device Manager.
[[32m  OK  [0m] Created slice system-lvm2\x2dpvscan.slice.
         Starting LVM2 PV scan on device 8:2...
[[32m  OK  [0m] Found device VBOX_HARDDISK 1.
%G[[32m  OK  [0m] Started Monitoring of LVM2 mirrors,...ng dmeventd or progress polling.
[[32m  OK  [0m] Reached target Local File Systems (Pre).
         Mounting /boot...
[[32m  OK  [0m] Mounted /boot.
[[0m[31m*     [0m] (1 of 2) A start job is running for...evice Initialization (7s / 3min)[K[[32m  OK  [0m] Reached target Sound Card.
[[32m  OK  [0m] Started LVM2 PV scan on device 8:2.
[[32m  OK  [0m] Started udev Wait for Complete Device Initialization.
         Starting Activation of DM RAID sets...
[[32m  OK  [0m] Started Activation of DM RAID sets.
[[32m  OK  [0m] Reached target Local Encrypted Volumes.
[[32m  OK  [0m] Reached target Local File Systems.
         Starting Preprocess NFS configuration...
         Starting Import network configuration from initramfs...
         Starting Tell Plymouth To Write Out Runtime Data...
[[32m  OK  [0m] Started Preprocess NFS configuration.
[[32m  OK  [0m] Started Tell Plymouth To Write Out Runtime Data.
[[32m  OK  [0m] Started Import network configuration from initramfs.
         Starting Create Volatile Files and Directories...
[[32m  OK  [0m] Started Create Volatile Files and Directories.
         Starting Security Auditing Service...
         Mounting RPC Pipe File System...
[[32m  OK  [0m] Mounted RPC Pipe File System.
[[32m  OK  [0m] Reached target rpc_pipefs.target.
[[32m  OK  [0m] Started Security Auditing Service.
         Starting Update UTMP about System Boot/Shutdown...
[[32m  OK  [0m] Started Update UTMP about System Boot/Shutdown.
[[32m  OK  [0m] Reached target System Initialization.
[[32m  OK  [0m] Listening on Virtual machine lock manager socket.
[[32m  OK  [0m] Listening on Virtual machine log manager socket.
[[32m  OK  [0m] Listening on Open-iSCSI iscsid Socket.
[[32m  OK  [0m] Listening on D-Bus System Message Bus Socket.
[[32m  OK  [0m] Started daily update of the root trust anchor for DNSSEC.
[[32m  OK  [0m] Started Daily Cleanup of Temporary Directories.
[[32m  OK  [0m] Reached target Timers.
[[32m  OK  [0m] Listening on RPCbind Server Activation Socket.
         Starting RPC bind service...
[[32m  OK  [0m] Listening on Avahi mDNS/DNS-SD Stack Activation Socket.
[[32m  OK  [0m] Listening on Open-iSCSI iscsiuio Socket.
[[32m  OK  [0m] Reached target Sockets.
[[32m  OK  [0m] Reached target Basic System.
         Starting RealtimeKit Scheduling Policy Service...
         Starting Login Service...
         Starting GSSAPI Proxy Daemon...
[[32m  OK  [0m] Started D-Bus System Message Bus.
[[32m  OK  [0m] Started RealtimeKit Scheduling Policy Service.
[[32m  OK  [0m] Started irqbalance daemon.
[[32m  OK  [0m] Started ABRT Automated Bug Reporting Tool.
[[32m  OK  [0m] Started ABRT Xorg log watcher.
         Starting Kernel Samepage Merging...
         Starting Install ABRT coredump hook...
[[32m  OK  [0m] Started ABRT kernel log watcher.
[[32m  OK  [0m] Reached target Login Prompts (Pre).
         Starting Accounts Service...
         Starting Authorization Manager...
         Starting Virtual Machine and Container Registration Service...
         Starting Avahi mDNS/DNS-SD Stack...
         Starting NTP client/server...
         Starting Rollback uncommitted netcf...rk config change transactions...
         Starting Dump dmesg to /var/log/dmesg...
         Starting Disk Manager...
[[32m  OK  [0m] Started RPC bind service.
[[32m  OK  [0m] Started GSSAPI Proxy Daemon.
[[32m  OK  [0m] Started Kernel Samepage Merging.
         Starting update of the root trust a... DNSSEC validation in unbound...
         Starting Kernel Samepage Merging (KSM) Tuning Daemon...
[[32m  OK  [0m] Reached target NFS client services.
[[32m  OK  [0m] Started Login Service.
[[32m  OK  [0m] Started Rollback uncommitted netcf network config change transactions.
         Starting Network Manager...
[[32m  OK  [0m] Started Virtual Machine and Container Registration Service.
[[32m  OK  [0m] Started Dump dmesg to /var/log/dmesg.
[[32m  OK  [0m] Started NTP client/server.
[[32m  OK  [0m] Started Kernel Samepage Merging (KSM) Tuning Daemon.
[[32m  OK  [0m] Started Avahi mDNS/DNS-SD Stack.
[[32m  OK  [0m] Started Install ABRT coredump hook.
[[32m  OK  [0m] Started update of the root trust an...or DNSSEC validation in unbound.
[[32m  OK  [0m] Started Network Manager.
         Starting Network Manager Wait Online...
[[32m  OK  [0m] Started Authorization Manager.
[[32m  OK  [0m] Started Accounts Service.
         Starting Hostname Service...
[[32m  OK  [0m] Started Hostname Service.
         Starting Network Manager Script Dispatcher Service...
[[32m  OK  [0m] Started Network Manager Script Dispatcher Service.
[[32m  OK  [0m] Started Network Manager Wait Online.
         Starting LSB: Bring up/down networking...
[[32m  OK  [0m] Started Disk Manager.
[[32m  OK  [0m] Started LSB: Bring up/down networking.
[[32m  OK  [0m] Reached target Network.
         Starting Apache Tomcat Web Application Container...
         Starting Enable periodic update of entitlement certificates....
         Starting Dynamic System Tuning Daemon...
         Starting OpenSSH server daemon...
         Starting Logout off all iSCSI sessions on shutdown...
         Starting Postfix Mail Transport Agent...
[[32m  OK  [0m] Reached target Network is Online.
[[32m  OK  [0m] Started kubelet: The Kubernetes Node Agent.
         Starting Notify NFS peers of a restart...
         Starting System Logging Service...
[[32m  OK  [0m] Started Logout off all iSCSI sessions on shutdown.
         Starting Availability of block devices...
[[32m  OK  [0m] Reached target Remote File Systems (Pre).
[[32m  OK  [0m] Reached target Remote File Systems.
         Starting Permit User Sessions...
         Starting Virtualization daemon...
         Starting Crash recovery kernel arming...
[[32m  OK  [0m] Started Availability of block devices.
[[32m  OK  [0m] Started Permit User Sessions.
[[32m  OK  [0m] Started Command Scheduler.
         Starting GNOME Display Manager...
[[32m  OK  [0m] Started Enable periodic update of entitlement certificates..
[[32m  OK  [0m] Started Notify NFS peers of a restart.
[[32m  OK  [0m] Started System Logging Service.
[[32m  OK  [0m] Started OpenSSH server daemon.
[[32m  OK  [0m] Started GNOME Display Manager.
[[32m  OK  [0m] Started Apache Tomcat Web Application Container.
